
10/7/2017 12:10:54 PM: 10/7/2017 12:10:54 PM: Someone tried to access account 5000. It did'nt exist or was not found
10/7/2017 12:10:55 PM: Account 0 started log in sequence
10/7/2017 12:10:59 PM: Account Login Success
10/7/2017 12:11:02 PM: Account 0 Checked his/her Balance
10/7/2017 12:16:00 PM: Account 0 started log in sequence
10/7/2017 12:16:03 PM: Account Login Success
10/7/2017 12:27:50 PM: Account 2 started log in sequence
10/7/2017 12:27:55 PM: Account Login Success
10/7/2017 12:28:05 PM: 10/7/2017 12:28:05 PM: Someone tried to access account 6. It did'nt exist or was not found
10/7/2017 12:29:05 PM: Account 2 started log in sequence
10/7/2017 12:29:08 PM: Account Login Success
10/7/2017 12:29:12 PM: Account 2 Checked his/her Balance
10/7/2017 12:29:25 PM: Account 2 Succesfully deposited 5400 from his/her account
10/7/2017 12:29:25 PM: Account 2 Checked his/her Balance
10/7/2017 12:29:41 PM: Account 2 Succesfully withdrew 200 from his/her account
10/7/2017 12:29:41 PM: Account 2 Checked his/her Balance
10/7/2017 12:31:50 PM: Account 1 started log in sequence
10/7/2017 12:31:56 PM: Account Login Success
10/7/2017 12:32:02 PM: Account 1 Checked his/her Balance
10/7/2017 12:32:12 PM: Account 1 Succesfully withdrew 450 from his/her account
10/7/2017 12:32:12 PM: Account 1 Checked his/her Balance
10/7/2017 6:16:48 PM: 10/7/2017 6:16:48 PM: Someone tried to access account 50. It did'nt exist or was not found
10/7/2017 6:16:49 PM: Account 1 started log in sequence
10/7/2017 6:16:55 PM: Account Login Success
10/7/2017 6:17:02 PM: Account 1 Checked his/her Balance
10/7/2017 6:17:10 PM: Withdrawal Failed: Insuffisient Funds
10/7/2017 6:18:13 PM: Account 1 started log in sequence
10/7/2017 6:18:18 PM: Account Login Success
10/8/2017 10:50:02 AM: Account 0 started log in sequence
10/8/2017 10:50:04 AM: Account Login Success
10/8/2017 10:50:34 AM: Account 0 started log in sequence
10/8/2017 10:50:36 AM: Account Login Success
10/8/2017 10:50:46 AM: Withdrawal Failed: Insuffisient Funds
10/8/2017 2:08:32 PM: 10/8/2017 2:08:32 PM: Someone tried to access account 50. It did'nt exist or was not found
10/8/2017 2:08:33 PM: Account 0 started log in sequence
10/8/2017 2:08:36 PM: Account Login Success